飘灯, 相国
get chapter 1: https://read.douban.com/reader/column/1519073/chapter/9109225/
get chapter 2: https://read.douban.com/reader/column/1519073/chapter/9109659/
get chapter 3: https://read.douban.com/reader/column/1519073/chapter/9137350/
get chapter 4: https://read.douban.com/reader/column/1519073/chapter/9158017/
get chapter 5: https://read.douban.com/reader/column/1519073/chapter/9211366/
get chapter 6: https://read.douban.com/reader/column/1519073/chapter/9239519/
get chapter 7: https://read.douban.com/reader/column/1519073/chapter/9239712/
get chapter 8: https://read.douban.com/reader/column/1519073/chapter/9240290/
get chapter 9: https://read.douban.com/reader/column/1519073/chapter/9240300/
get chapter 10: https://read.douban.com/reader/column/1519073/chapter/9240581/
get chapter 11: https://read.douban.com/reader/column/1519073/chapter/9240703/
get chapter 12: https://read.douban.com/reader/column/1519073/chapter/9240860/
get chapter 13: https://read.douban.com/reader/column/1519073/chapter/9240902/
get chapter 14: https://read.douban.com/reader/column/1519073/chapter/9241369/
get chapter 15: https://read.douban.com/reader/column/1519073/chapter/9365072/
get chapter 16: https://read.douban.com/reader/column/1519073/chapter/9365111/
get chapter 17: https://read.douban.com/reader/column/1519073/chapter/9365277/
get chapter 18: https://read.douban.com/reader/column/1519073/chapter/9365346/
get chapter 19: https://read.douban.com/reader/column/1519073/chapter/9500692/
get chapter 20: https://read.douban.com/reader/column/1519073/chapter/9500828/
get chapter 21: https://read.douban.com/reader/column/1519073/chapter/9501049/
get chapter 22: https://read.douban.com/reader/column/1519073/chapter/9502606/
get chapter 23: https://read.douban.com/reader/column/1519073/chapter/9513548/
get chapter 24: https://read.douban.com/reader/column/1519073/chapter/9513617/
get chapter 25: https://read.douban.com/reader/column/1519073/chapter/9513727/
get chapter 26: https://read.douban.com/reader/column/1519073/chapter/9513823/
get chapter 27: https://read.douban.com/reader/column/1519073/chapter/9513991/
get chapter 28: https://read.douban.com/reader/column/1519073/chapter/9514103/
get chapter 29: https://read.douban.com/reader/column/1519073/chapter/9514705/
get chapter 30: https://read.douban.com/reader/column/1519073/chapter/9514946/
get chapter 31: https://read.douban.com/reader/column/1519073/chapter/9515152/
get chapter 32: https://read.douban.com/reader/column/1519073/chapter/9515414/
get chapter 33: https://read.douban.com/reader/column/1519073/chapter/9516054/
get chapter 34: https://read.douban.com/reader/column/1519073/chapter/9516463/
get chapter 35: https://read.douban.com/reader/column/1519073/chapter/9516625/
get chapter 36: https://read.douban.com/reader/column/1519073/chapter/9516769/
get chapter 37: https://read.douban.com/reader/column/1519073/chapter/9516800/
get chapter 38: https://read.douban.com/reader/column/1519073/chapter/9517004/
get chapter 39: https://read.douban.com/reader/column/1519073/chapter/9517729/
get chapter 40: https://read.douban.com/reader/column/1519073/chapter/9517959/

飘灯-相国.html => 飘灯-相国.mobi
Conversion options changed from defaults:
  max_toc_links: 0
  chapter_mark: u'none'
  title: u'\u76f8\u56fd'
  mobi_keep_original_images: True
  authors: u'\u98d8\u706f'
  page_breaks_before: u'/'
1% 将输入转换为HTML中...
InputFormatPlugin: HTML Input running
on ~/tmp/douban_read/飘灯-相国.html
Language not specified
Building file list...
Normalizing filename cases
Rewriting HTML links
Forcing Piao Deng -Xiang Guo .html into XHTML namespace
34% 正在对电子书进行转换...
Merging user specified metadata...
Detecting structure...
	Detected chapter: 1. 【长相城卷】第一章 长相迳庭
	Detected chapter: 2. 【长相城卷】第二章 地丁会
	Detected chapter: 3. 【长相城卷】第三章 家长里短
	Detected chapter: 4. 【长相城卷】第四章 家门不幸
	Detected chapter: 5. 【长相城卷】第五章 奇刀八流
	Detected chapter: 6. 【长相城卷】第六章 地丁会盟(1)
	Detected chapter: 7. 【长相城卷】第六章 地丁会盟(2)
	Detected chapter: 8. 【长相城卷】第七章 乳虎初啸（1）
	Detected chapter: 9. 【长相城卷】第七章 乳虎初啸（2）
	Detected chapter: 10. 【长相城卷】第八章 当时年少
	Detected chapter: 11. 【长相城卷】第九章 私相授受
	Detected chapter: 12. 【长相城卷】第十章 别无选择
	Detected chapter: 13. 【长相城卷】十一章 下城一瞥
	Detected chapter: 14. 【长相城卷】十二章 初试锋芒
	Detected chapter: 15. 【长相城卷】十三章 绝路同行
	Detected chapter: 16. 【长相城卷】十四章 迎帝还朝
	Detected chapter: 17. 【长相城卷】十五章 魂飞魄散
	Detected chapter: 18. 【长相城卷】十六章 相府家宴
	Detected chapter: 19. 【长相城卷】十七章 不速之客
	Detected chapter: 20. 【长相城卷】十八章 末路相逢
	Detected chapter: 21. 【长相城卷】十九章 若无其事
	Detected chapter: 22. 【长相城卷】二十章 轻举妄动
	Detected chapter: 23. 【长相城卷】二十一章 开天辟地(1)
	Detected chapter: 24. 【长相城卷】二十一章 开天辟地(2)
	Detected chapter: 25. 【长相城卷】二十二章 玉碎瓦全
	Detected chapter: 26. 【长相城卷】二十三章 天下桃花（1）
	Detected chapter: 27. 【长相城卷】二十三章 天下桃花（2）
	Detected chapter: 28. 【长相城卷】二十五章 与世无争
	Detected chapter: 29. 【长相城卷】二十五章 熬尽肝胆
	Detected chapter: 30. 【长相城卷】二十六章 风雨欺天
	Detected chapter: 31. 【长相城卷】二十七章 闪电复活
	Detected chapter: 32. 【长相城卷】二十八章 激流暗涌
	Detected chapter: 33. 【长相城卷】二十九章 莲朵的故事
	Detected chapter: 34. 【长相城卷】三十章 盲战
	Detected chapter: 35. 【长相城卷】三十一章 阿萨的命令
	Detected chapter: 36. 【长相城卷】三十二章 夜之三变·雨变
	Detected chapter: 37. 【长相城卷】三十三章 夜之三变·天变
	Detected chapter: 38. 【长相城卷】三十四章 夜之三变·风变
	Detected chapter: 39. 【长相城卷】三十五章 白银狮子王和狮奴
	Detected chapter: 40. 【长相城卷】三十六章 最后的战役&尾声
Auto generated TOC with 40 entries.
Flattening CSS and remapping font sizes...
Source base font size is 12.00000pt
Removing fake margins...
Cleaning up manifest...
Trimming unused files from manifest...
Creating MOBI Output...
67% 正在运行 MOBI Output 插件
Serializing resources...
Creating MOBI 6 output
Generating in-line TOC...
Applying case-transforming CSS...
Rasterizing SVG images...
Converting XHTML to Mobipocket markup...
Serializing markup content...
  Compressing markup content...
Generating MOBI index for a book
MOBI output written to ~/tmp/douban_read/飘灯-相国.mobi
输出保存到   ~/tmp/douban_read/飘灯-相国.mobi

飘灯-相国.html => 飘灯-相国.txt
Conversion options changed from defaults:
  max_toc_links: 0
  chapter_mark: u'none'
  title: u'\u76f8\u56fd'
  txt_keep_original_images: True
  authors: u'\u98d8\u706f'
  page_breaks_before: u'/'
1% 将输入转换为HTML中...
InputFormatPlugin: HTML Input running
on ~/tmp/douban_read/飘灯-相国.html
Language not specified
Building file list...
Normalizing filename cases
Rewriting HTML links
Forcing Piao Deng -Xiang Guo .html into XHTML namespace
34% 正在对电子书进行转换...
Merging user specified metadata...
Detecting structure...
	Detected chapter: 1. 【长相城卷】第一章 长相迳庭
	Detected chapter: 2. 【长相城卷】第二章 地丁会
	Detected chapter: 3. 【长相城卷】第三章 家长里短
	Detected chapter: 4. 【长相城卷】第四章 家门不幸
	Detected chapter: 5. 【长相城卷】第五章 奇刀八流
	Detected chapter: 6. 【长相城卷】第六章 地丁会盟(1)
	Detected chapter: 7. 【长相城卷】第六章 地丁会盟(2)
	Detected chapter: 8. 【长相城卷】第七章 乳虎初啸（1）
	Detected chapter: 9. 【长相城卷】第七章 乳虎初啸（2）
	Detected chapter: 10. 【长相城卷】第八章 当时年少
	Detected chapter: 11. 【长相城卷】第九章 私相授受
	Detected chapter: 12. 【长相城卷】第十章 别无选择
	Detected chapter: 13. 【长相城卷】十一章 下城一瞥
	Detected chapter: 14. 【长相城卷】十二章 初试锋芒
	Detected chapter: 15. 【长相城卷】十三章 绝路同行
	Detected chapter: 16. 【长相城卷】十四章 迎帝还朝
	Detected chapter: 17. 【长相城卷】十五章 魂飞魄散
	Detected chapter: 18. 【长相城卷】十六章 相府家宴
	Detected chapter: 19. 【长相城卷】十七章 不速之客
	Detected chapter: 20. 【长相城卷】十八章 末路相逢
	Detected chapter: 21. 【长相城卷】十九章 若无其事
	Detected chapter: 22. 【长相城卷】二十章 轻举妄动
	Detected chapter: 23. 【长相城卷】二十一章 开天辟地(1)
	Detected chapter: 24. 【长相城卷】二十一章 开天辟地(2)
	Detected chapter: 25. 【长相城卷】二十二章 玉碎瓦全
	Detected chapter: 26. 【长相城卷】二十三章 天下桃花（1）
	Detected chapter: 27. 【长相城卷】二十三章 天下桃花（2）
	Detected chapter: 28. 【长相城卷】二十五章 与世无争
	Detected chapter: 29. 【长相城卷】二十五章 熬尽肝胆
	Detected chapter: 30. 【长相城卷】二十六章 风雨欺天
	Detected chapter: 31. 【长相城卷】二十七章 闪电复活
	Detected chapter: 32. 【长相城卷】二十八章 激流暗涌
	Detected chapter: 33. 【长相城卷】二十九章 莲朵的故事
	Detected chapter: 34. 【长相城卷】三十章 盲战
	Detected chapter: 35. 【长相城卷】三十一章 阿萨的命令
	Detected chapter: 36. 【长相城卷】三十二章 夜之三变·雨变
	Detected chapter: 37. 【长相城卷】三十三章 夜之三变·天变
	Detected chapter: 38. 【长相城卷】三十四章 夜之三变·风变
	Detected chapter: 39. 【长相城卷】三十五章 白银狮子王和狮奴
	Detected chapter: 40. 【长相城卷】三十六章 最后的战役&尾声
Auto generated TOC with 40 entries.
Flattening CSS and remapping font sizes...
Source base font size is 12.00000pt
Removing fake margins...
Cleaning up manifest...
Trimming unused files from manifest...
Creating txt Output...
67% 正在运行 txt Output 插件
Serializing resources...
Creating txt 6 output
Generating in-line TOC...
Applying case-transforming CSS...
Rasterizing SVG images...
Converting XHTML to txtpocket markup...
Serializing markup content...
  Compressing markup content...
Generating txt index for a book
txt output written to ~/tmp/douban_read/飘灯-相国.txt
输出保存到   ~/tmp/douban_read/飘灯-相国.txt
